<?xml version="1.0" encoding="UTF-8"?>
<!-- Generated by org.testng.reporters.JUnitReportReporter -->
<testsuite hostname="DESKTOP-GVE4NFE" failures="0" tests="1" name="test.DemoMaven" time="0.035" errors="0" timestamp="01 Jul 2018 08:57:24 GMT" skipped="0">
  <testcase classname="test.DemoMaven" name="testHello" time="0.035"/>
</testsuite> <!-- test.DemoMaven -->
